Arguments: 
  /Users/agustincastiarena/.volta/tools/image/node/16.13.1/bin/node /Users/agustincastiarena/.volta/tools/image/yarn/1.22.17/bin/yarn.js init vue@latest

PATH: 
  /Users/agustincastiarena/.volta/tools/image/yarn/1.22.17/bin:/Users/agustincastiarena/.volta/tools/image/node/16.13.1/bin::/Users/agustincastiarena/freelance/flutter/bin:/Users/agustincastiarena/.volta/bin:/opt/homebrew/opt/icu4c/bin:/usr/local/opt/openjdk@11/bin:/Users/agustincastiarena/bin:/usr/local/bin:/opt/homebrew/bin:/opt/homebrew/sbin:/usr/local/bin:/usr/bin:/bin:/usr/sbin:/sbin:/usr/local/share/dotnet:/opt/X11/bin:~/.dotnet/tools:/Library/Apple/usr/bin:/Library/Frameworks/Mono.framework/Versions/Current/Commands:/Users/agustincastiarena/.cargo/bin:/Users/agustincastiarena/n/bin:/Users/agustincastiarena/.n/bin:/Users/agustincastiarena/flutter/bin:/Users/agustincastiarena/freelance/flutter/.pub-cache/bin

Yarn version: 
  1.22.17

Node version: 
  16.13.1

Platform: 
  darwin x64

Trace: 
  Error: canceled
      at Interface.<anonymous> (/Users/agustincastiarena/.volta/tools/image/yarn/1.22.17/lib/cli.js:137143:13)
      at Interface.emit (node:events:390:28)
      at Interface._ttyWrite (node:readline:1081:16)
      at ReadStream.onkeypress (node:readline:288:10)
      at ReadStream.emit (node:events:390:28)
      at emitKeys (node:internal/readline/utils:358:14)
      at emitKeys.next (<anonymous>)
      at ReadStream.onData (node:internal/readline/emitKeypressEvents:61:36)
      at ReadStream.emit (node:events:390:28)
      at addChunk (node:internal/streams/readable:315:12)

npm manifest: 
  {
    "name": "climbapp",
    "version": "1.0.0",
    "description": "Climbin app",
    "main": "index.js",
    "repository": "git@github.com:castiarena/climbapp.git",
    "author": "Agustin Castiarena <castiarena@gmail.com>",
    "license": "MIT",
    "private": false
  }

yarn manifest: 
  No manifest

Lockfile: 
  No lockfile
